<?xml version="1.0" encoding="UTF-8"?>
<testng-results ignored="21" total="22" passed="1" failed="0" skipped="0">
  <reporter-output>
  </reporter-output>
  <suite started-at="2020-05-20T14:45:03 IST" name="Suite" finished-at="2020-05-20T14:45:50 IST" duration-ms="47434">
    <groups>
    </groups>
    <test started-at="2020-05-20T14:45:03 IST" name="Test1" finished-at="2020-05-20T14:45:50 IST" duration-ms="47434">
      <class name="demoMavenProject2.NavigationBar">
        <test-method signature="Test2_unOrderedListnav()[pri:0, instance:demoMavenProject2.NavigationBar@647fd8ce]" started-at="2020-05-20T14:45:03 IST" name="Test2_unOrderedListnav" finished-at="2020-05-20T14:45:50 IST" duration-ms="47305" status="PASS">
          <reporter-output>
          </reporter-output>
        </test-method> <!-- Test2_unOrderedListnav -->
      </class> <!-- demoMavenProject2.NavigationBar -->
    </test> <!-- Test1 -->
  </suite> <!-- Suite -->
</testng-results>
